<?xml version="1.0" encoding="UTF-8"?><testsuite errors="0" failures="0" name="Gives Appropriate error messages for Request Failures" skipped="0" tests="7" time="9.39" timestamp="2019-12-20 02:00:16"><testcase name="Service has no data to return for the requested Models."/><testcase name="User makes a Put Request against the service."/><testcase name="User makes a GET Request against the service."/><testcase name="User makes a Patch Request against the service."/><testcase name="Missing stateCode in the request body."/><testcase name="Missing Ccode in the request body."/><testcase name="Missing Llp in the request body."/></testsuite>