<?xml version="1.0" encoding="UTF-8"?><testsuite errors="0" failures="0" name="Validate response returned from successful Model Compare Request." skipped="0" tests="4" time="8.04" timestamp="2019-12-20 02:00:26"><testcase name="User compares the Options received from Configuration-Compare against the Options generated from Catalog-Options and Equipment Category."/><testcase name="User compares the Options received from Configuration-Compare against the Configure service response."/><testcase name="User validates that the VCM-Options section is returned and the DisplayGroup values."/><testcase name="User validates that the right Views data is returned under Equipment-categories"/></testsuite>